<?xml version="1.0" encoding="UTF-8"?>
<!-- Generated by org.testng.reporters.JUnitReportReporter -->
<testsuite hostname="DESKTOP-HBRB43M" failures="0" tests="2" name="Test.day1" time="0.005" errors="0" timestamp="2023-05-03T10:33:49 IST" skipped="0">
  <testcase classname="Test.day1" name="test2" time="0.001"/>
  <system-out/>
  <testcase classname="Test.day1" name="test1" time="0.004"/>
  <system-out/>
</testsuite> <!-- Test.day1 -->
